<?xml version="1.0" encoding="UTF-8"?>
<!-- Generated by org.testng.reporters.JUnitReportReporter -->
<testsuite hostname="DESKTOP-5HO9OTC" failures="0" tests="4" name="login.test.LoginPageTest" time="63.521" errors="0" timestamp="2023-02-04T13:31:11 BDT" skipped="0">
  <testcase classname="login.test.LoginPageTest" name="verifyInvalidLogin" time="9.169"/>
  <system-out/>
  <testcase classname="login.test.LoginPageTest" name="verifyInvalidLogin" time="7.840"/>
  <system-out/>
  <testcase classname="login.test.LoginPageTest" name="verifyInvalidLogin" time="28.465"/>
  <system-out/>
  <testcase classname="login.test.LoginPageTest" name="verifyValidLogin" time="18.047"/>
  <system-out/>
</testsuite> <!-- login.test.LoginPageTest -->
